Compiled jquery.js  (4ms)  (pid 7337)
Compiled jquery_ujs.js  (0ms)  (pid 7337)
Compiled twitter/bootstrap/transition.js  (0ms)  (pid 7337)
Compiled twitter/bootstrap/alert.js  (0ms)  (pid 7337)
Compiled twitter/bootstrap/modal.js  (0ms)  (pid 7337)
Compiled twitter/bootstrap/dropdown.js  (0ms)  (pid 7337)
Compiled twitter/bootstrap/scrollspy.js  (0ms)  (pid 7337)
Compiled twitter/bootstrap/tab.js  (0ms)  (pid 7337)
Compiled twitter/bootstrap/tooltip.js  (0ms)  (pid 7337)
Compiled twitter/bootstrap/popover.js  (0ms)  (pid 7337)
Compiled twitter/bootstrap/button.js  (0ms)  (pid 7337)
Compiled twitter/bootstrap/collapse.js  (0ms)  (pid 7337)
Compiled twitter/bootstrap/carousel.js  (0ms)  (pid 7337)
Compiled twitter/bootstrap/affix.js  (0ms)  (pid 7337)
Compiled twitter/bootstrap.js  (201ms)  (pid 7337)
Compiled bootstrap.js  (693ms)  (pid 7337)
Compiled contact.js  (240ms)  (pid 7337)
Compiled estudio.js  (220ms)  (pid 7337)
Compiled application.js  (1462ms)  (pid 7337)
Compiled formtastic-bootstrap.css  (0ms)  (pid 7337)
Compiled twitter-bootstrap-static/bootstrap.css  (226ms)  (pid 7337)
Compiled twitter-bootstrap-static/fontawesome.css  (71ms)  (pid 7337)
Compiled bootstrap_and_overrides.css  (351ms)  (pid 7337)
Compiled index.css  (0ms)  (pid 7337)
Compiled links.css  (0ms)  (pid 7337)
Compiled new.css  (0ms)  (pid 7337)
Compiled quienes.css  (0ms)  (pid 7337)
Compiled servicios.css  (0ms)  (pid 7337)
Compiled staff.css  (0ms)  (pid 7337)
Compiled titulo.css  (0ms)  (pid 7337)
Compiled application.css  (435ms)  (pid 7337)
Compiled jquery.js  (4ms)  (pid 7337)
Compiled jquery_ujs.js  (0ms)  (pid 7337)
Compiled twitter/bootstrap/transition.js  (0ms)  (pid 7337)
Compiled twitter/bootstrap/alert.js  (0ms)  (pid 7337)
Compiled twitter/bootstrap/modal.js  (0ms)  (pid 7337)
Compiled twitter/bootstrap/dropdown.js  (0ms)  (pid 7337)
Compiled twitter/bootstrap/scrollspy.js  (0ms)  (pid 7337)
Compiled twitter/bootstrap/tab.js  (0ms)  (pid 7337)
Compiled twitter/bootstrap/tooltip.js  (0ms)  (pid 7337)
Compiled twitter/bootstrap/popover.js  (0ms)  (pid 7337)
Compiled twitter/bootstrap/button.js  (0ms)  (pid 7337)
Compiled twitter/bootstrap/collapse.js  (0ms)  (pid 7337)
Compiled twitter/bootstrap/carousel.js  (0ms)  (pid 7337)
Compiled twitter/bootstrap/affix.js  (0ms)  (pid 7337)
Compiled twitter/bootstrap.js  (155ms)  (pid 7337)
Compiled bootstrap.js  (245ms)  (pid 7337)
Compiled contact.js  (242ms)  (pid 7337)
Compiled estudio.js  (323ms)  (pid 7337)
Compiled application.js  (1116ms)  (pid 7337)
Compiled formtastic-bootstrap.css  (0ms)  (pid 7337)
Compiled twitter-bootstrap-static/bootstrap.css  (303ms)  (pid 7337)
Compiled twitter-bootstrap-static/fontawesome.css  (27ms)  (pid 7337)
Compiled bootstrap_and_overrides.css  (364ms)  (pid 7337)
Compiled index.css  (0ms)  (pid 7337)
Compiled links.css  (0ms)  (pid 7337)
Compiled new.css  (0ms)  (pid 7337)
Compiled quienes.css  (0ms)  (pid 7337)
Compiled servicios.css  (0ms)  (pid 7337)
Compiled staff.css  (0ms)  (pid 7337)
Compiled titulo.css  (0ms)  (pid 7337)
Compiled application.css  (507ms)  (pid 7337)
Compiled jquery.js  (4ms)  (pid 3586)
Compiled jquery_ujs.js  (0ms)  (pid 3586)
Compiled twitter/bootstrap/transition.js  (0ms)  (pid 3586)
Compiled twitter/bootstrap/alert.js  (0ms)  (pid 3586)
Compiled twitter/bootstrap/modal.js  (0ms)  (pid 3586)
Compiled twitter/bootstrap/dropdown.js  (0ms)  (pid 3586)
Compiled twitter/bootstrap/scrollspy.js  (0ms)  (pid 3586)
Compiled twitter/bootstrap/tab.js  (0ms)  (pid 3586)
Compiled twitter/bootstrap/tooltip.js  (0ms)  (pid 3586)
Compiled twitter/bootstrap/popover.js  (0ms)  (pid 3586)
Compiled twitter/bootstrap/button.js  (0ms)  (pid 3586)
Compiled twitter/bootstrap/collapse.js  (0ms)  (pid 3586)
Compiled twitter/bootstrap/carousel.js  (0ms)  (pid 3586)
Compiled twitter/bootstrap/affix.js  (0ms)  (pid 3586)
Compiled twitter/bootstrap.js  (181ms)  (pid 3586)
Compiled bootstrap.js  (699ms)  (pid 3586)
Compiled contact.js  (229ms)  (pid 3586)
Compiled estudio.js  (217ms)  (pid 3586)
Compiled application.js  (1522ms)  (pid 3586)
Compiled formtastic-bootstrap.css  (0ms)  (pid 3586)
Compiled twitter-bootstrap-static/bootstrap.css  (145ms)  (pid 3586)
Compiled twitter-bootstrap-static/fontawesome.css  (109ms)  (pid 3586)
Compiled bootstrap_and_overrides.css  (273ms)  (pid 3586)
Compiled index.css  (0ms)  (pid 3586)
Compiled links.css  (0ms)  (pid 3586)
Compiled new.css  (0ms)  (pid 3586)
Compiled quienes.css  (0ms)  (pid 3586)
Compiled servicios.css  (0ms)  (pid 3586)
Compiled staff.css  (0ms)  (pid 3586)
Compiled titulo.css  (0ms)  (pid 3586)
Compiled application.css  (418ms)  (pid 3586)
Compiled jquery.js  (4ms)  (pid 3586)
Compiled jquery_ujs.js  (0ms)  (pid 3586)
Compiled twitter/bootstrap/transition.js  (0ms)  (pid 3586)
Compiled twitter/bootstrap/alert.js  (0ms)  (pid 3586)
Compiled twitter/bootstrap/modal.js  (0ms)  (pid 3586)
Compiled twitter/bootstrap/dropdown.js  (0ms)  (pid 3586)
Compiled twitter/bootstrap/scrollspy.js  (1ms)  (pid 3586)
Compiled twitter/bootstrap/tab.js  (0ms)  (pid 3586)
Compiled twitter/bootstrap/tooltip.js  (0ms)  (pid 3586)
Compiled twitter/bootstrap/popover.js  (0ms)  (pid 3586)
Compiled twitter/bootstrap/button.js  (0ms)  (pid 3586)
Compiled twitter/bootstrap/collapse.js  (0ms)  (pid 3586)
Compiled twitter/bootstrap/carousel.js  (0ms)  (pid 3586)
Compiled twitter/bootstrap/affix.js  (0ms)  (pid 3586)
Compiled twitter/bootstrap.js  (147ms)  (pid 3586)
Compiled bootstrap.js  (235ms)  (pid 3586)
Compiled contact.js  (216ms)  (pid 3586)
Compiled estudio.js  (221ms)  (pid 3586)
Compiled application.js  (943ms)  (pid 3586)
Compiled formtastic-bootstrap.css  (0ms)  (pid 3586)
Compiled twitter-bootstrap-static/bootstrap.css  (176ms)  (pid 3586)
Compiled twitter-bootstrap-static/fontawesome.css  (25ms)  (pid 3586)
Compiled bootstrap_and_overrides.css  (223ms)  (pid 3586)
Compiled index.css  (0ms)  (pid 3586)
Compiled links.css  (0ms)  (pid 3586)
Compiled new.css  (0ms)  (pid 3586)
Compiled quienes.css  (0ms)  (pid 3586)
Compiled servicios.css  (0ms)  (pid 3586)
Compiled staff.css  (0ms)  (pid 3586)
Compiled titulo.css  (0ms)  (pid 3586)
Compiled application.css  (334ms)  (pid 3586)
